{
  "MiniTest": {
    "coverage": {
      "/Users/benjaminsinaiko/Actualize/apprenticeship/crm_api_testing/app/models/lead.rb": [
        1,
        1,
        1,
        null,
        1,
        null,
        1,
        null,
        null,
        null,
        null,
        1,
        0,
        null,
        null,
        null,
        1,
        0,
        0,
        null,
        null,
        null,
        null,
        null,
        null,
        1,
        0,
        null,
        null,
        1,
        0,
        0,
        0,
        null,
        null,
        1,
        null,
        null,
        1,
        0,
        null,
        null,
        1,
        0,
        null,
        null,
        1,
        0,
        null,
        null,
        null,
        1,
        0,
        null,
        null,
        1,
        null,
        1,
        0,
        0,
        null,
        null,
        null,
        0,
        null,
        null,
        1,
        null,
        0,
        null,
        null
      ],
      "/Users/benjaminsinaiko/Actualize/apprenticeship/crm_api_testing/app/models/outreach.rb": [
        1,
        1,
        null,
        1,
        null
      ],
      "/Users/benjaminsinaiko/Actualize/apprenticeship/crm_api_testing/app/models/daily_progress_log.rb": [
        1,
        1,
        null
      ],
      "/Users/benjaminsinaiko/Actualize/apprenticeship/crm_api_testing/app/models/event.rb": [
        1,
        1,
        null
      ],
      "/Users/benjaminsinaiko/Actualize/apprenticeship/crm_api_testing/app/models/setting.rb": [
        1,
        1,
        null
      ],
      "/Users/benjaminsinaiko/Actualize/apprenticeship/crm_api_testing/app/mailers/welcome_mailer.rb": [
        0,
        0,
        0,
        0,
        0,
        0,
        0,
        0,
        0
      ],
      "/Users/benjaminsinaiko/Actualize/apprenticeship/crm_api_testing/app/mailers/application_mailer.rb": [
        0,
        0,
        0,
        0
      ],
      "/Users/benjaminsinaiko/Actualize/apprenticeship/crm_api_testing/app/mailers/calendar_invites_mailer.rb": [
        0,
        0,
        0,
        0,
        0,
        0,
        0,
        0,
        0,
        0,
        0,
        0,
        0,
        0,
        0,
        0,
        0,
        0,
        0,
        0,
        0,
        0,
        0,
        0,
        0,
        0,
        0,
        0,
        0,
        0,
        0,
        0,
        0,
        0,
        0,
        0,
        0,
        0,
        0,
        0,
        0
      ],
      "/Users/benjaminsinaiko/Actualize/apprenticeship/crm_api_testing/app/models/admin.rb": [
        0,
        0,
        0,
        0,
        0,
        0,
        0,
        0,
        0,
        0,
        0,
        0,
        0,
        0,
        0,
        0,
        0
      ],
      "/Users/benjaminsinaiko/Actualize/apprenticeship/crm_api_testing/app/models/application_record.rb": [
        0,
        0,
        0
      ],
      "/Users/benjaminsinaiko/Actualize/apprenticeship/crm_api_testing/app/jobs/application_job.rb": [
        0,
        0
      ],
      "/Users/benjaminsinaiko/Actualize/apprenticeship/crm_api_testing/app/controllers/settings_controller.rb": [
        0,
        0,
        0,
        0,
        0,
        0,
        0,
        0,
        0,
        0,
        0,
        0,
        0,
        0,
        0,
        0,
        0,
        0,
        0,
        0,
        0,
        0,
        0,
        0,
        0
      ],
      "/Users/benjaminsinaiko/Actualize/apprenticeship/crm_api_testing/app/controllers/daily_progress_logs_controller.rb": [
        0,
        0,
        0,
        0,
        0,
        0,
        0,
        0,
        0,
        0,
        0,
        0,
        0,
        0,
        0,
        0,
        0,
        0
      ],
      "/Users/benjaminsinaiko/Actualize/apprenticeship/crm_api_testing/app/controllers/application_controller.rb": [
        0,
        0,
        0
      ],
      "/Users/benjaminsinaiko/Actualize/apprenticeship/crm_api_testing/app/controllers/leads_controller.rb": [
        0,
        0,
        0,
        0,
        0,
        0,
        0,
        0,
        0,
        0,
        0,
        0,
        0,
        0,
        0,
        0,
        0,
        0,
        0,
        0,
        0,
        0,
        0,
        0,
        0,
        0,
        0,
        0,
        0,
        0,
        0,
        0,
        0,
        0,
        0,
        0,
        0,
        0,
        0,
        0,
        0,
        0,
        0,
        0,
        0,
        0,
        0,
        0,
        0,
        0,
        0,
        0,
        0,
        0,
        0,
        0,
        0,
        0,
        0,
        0,
        0,
        0,
        0,
        0,
        0,
        0,
        0,
        0,
        0,
        0,
        0,
        0,
        0,
        0,
        0,
        0,
        0,
        0,
        0,
        0,
        0,
        0,
        0,
        0,
        0,
        0,
        0,
        0,
        0,
        0,
        0,
        0,
        0,
        0,
        0,
        0,
        0,
        0,
        0,
        0,
        0,
        0,
        0,
        0,
        0,
        0,
        0,
        0,
        0,
        0,
        0,
        0,
        0,
        0,
        0,
        0,
        0,
        0,
        0,
        0,
        0,
        0,
        0,
        0,
        0,
        0,
        0,
        0,
        0,
        0,
        0,
        0,
        0,
        0,
        0,
        0,
        0,
        0,
        0,
        0,
        0,
        0,
        0,
        0,
        0,
        0,
        0
      ],
      "/Users/benjaminsinaiko/Actualize/apprenticeship/crm_api_testing/app/controllers/webhooks_controller.rb": [
        0,
        0,
        0,
        0,
        0,
        0,
        0,
        0,
        0,
        0,
        0,
        0,
        0,
        0,
        0,
        0,
        0,
        0,
        0,
        0,
        0,
        0,
        0,
        0,
        0,
        0,
        0,
        0,
        0,
        0,
        0,
        0,
        0,
        0,
        0,
        0,
        0,
        0,
        0,
        0,
        0,
        0,
        0,
        0,
        0,
        0,
        0,
        0
      ],
      "/Users/benjaminsinaiko/Actualize/apprenticeship/crm_api_testing/app/controllers/api/v1/leads_controller.rb": [
        0,
        0,
        0,
        0,
        0,
        0,
        0,
        0,
        0,
        0,
        0,
        0,
        0,
        0,
        0,
        0,
        0,
        0,
        0,
        0,
        0,
        0,
        0,
        0,
        0,
        0,
        0,
        0,
        0,
        0,
        0,
        0,
        0,
        0,
        0,
        0
      ],
      "/Users/benjaminsinaiko/Actualize/apprenticeship/crm_api_testing/app/controllers/outreaches_controller.rb": [
        0,
        0
      ],
      "/Users/benjaminsinaiko/Actualize/apprenticeship/crm_api_testing/app/helpers/leads_helper.rb": [
        0,
        0,
        0,
        0,
        0,
        0,
        0,
        0,
        0,
        0,
        0
      ],
      "/Users/benjaminsinaiko/Actualize/apprenticeship/crm_api_testing/app/helpers/daily_progress_logs_helper.rb": [
        0,
        0
      ],
      "/Users/benjaminsinaiko/Actualize/apprenticeship/crm_api_testing/app/helpers/outreaches_helper.rb": [
        0,
        0
      ],
      "/Users/benjaminsinaiko/Actualize/apprenticeship/crm_api_testing/app/helpers/webhooks_helper.rb": [
        0,
        0
      ],
      "/Users/benjaminsinaiko/Actualize/apprenticeship/crm_api_testing/app/helpers/settings_helper.rb": [
        0,
        0
      ],
      "/Users/benjaminsinaiko/Actualize/apprenticeship/crm_api_testing/app/helpers/application_helper.rb": [
        0,
        0
      ],
      "/Users/benjaminsinaiko/Actualize/apprenticeship/crm_api_testing/app/channels/application_cable/connection.rb": [
        0,
        0,
        0,
        0
      ],
      "/Users/benjaminsinaiko/Actualize/apprenticeship/crm_api_testing/app/channels/application_cable/channel.rb": [
        0,
        0,
        0,
        0
      ]
    },
    "timestamp": 1521762876
  },
  "RSpec": {
    "coverage": {
      "/Users/colechalland/Actualize/Apprenticeship/crm_api_testing/spec/rails_helper.rb": [
        null,
        null,
        1,
        1,
        1,
        null,
        1,
        1,
        null,
        1,
        null,
        null,
        null,
        null,
        null,
        null,
        null,
        null,
        null,
        null,
        null,
        null,
        null,
        null,
        null,
        null,
        null,
        null,
        null,
        1,
        null,
        1,
        null,
        1,
        null,
        null,
        null,
        null,
        1,
        null,
        null,
        null,
        null,
        null,
        null,
        null,
        null,
        null,
        null,
        null,
        null,
        null,
        null,
        1,
        null,
        null,
        1,
        null,
        null,
        null
      ],
      "/Users/colechalland/Actualize/Apprenticeship/crm_api_testing/config/environment.rb": [
        null,
        1,
        null,
        null,
        1
      ],
      "/Users/colechalland/Actualize/Apprenticeship/crm_api_testing/config/application.rb": [
        1,
        null,
        1,
        null,
        1,
        null,
        null,
        null,
        1,
        null,
        1,
        1,
        null,
        null,
        null,
        1,
        null,
        null
      ],
      "/Users/colechalland/Actualize/Apprenticeship/crm_api_testing/config/boot.rb": [
        1,
        null,
        1
      ],
      "/Users/colechalland/Actualize/Apprenticeship/crm_api_testing/config/environments/test.rb": [
        1,
        null,
        null,
        null,
        null,
        null,
        null,
        1,
        null,
        null,
        null,
        null,
        1,
        null,
        null,
        1,
        1,
        null,
        null,
        null,
        null,
        1,
        1,
        null,
        null,
        1,
        null,
        null,
        1,
        1,
        null,
        null,
        null,
        null,
        1,
        null,
        null,
        1,
        null,
        null,
        null,
        null
      ],
      "/Users/colechalland/Actualize/Apprenticeship/crm_api_testing/config/initializers/application_controller_renderer.rb": [
        null,
        null,
        null,
        null,
        null,
        null
      ],
      "/Users/colechalland/Actualize/Apprenticeship/crm_api_testing/config/initializers/assets.rb": [
        null,
        null,
        null,
        1,
        null,
        null,
        null,
        null,
        null,
        null,
        null
      ],
      "/Users/colechalland/Actualize/Apprenticeship/crm_api_testing/config/initializers/backtrace_silencers.rb": [
        null,
        null,
        null,
        null,
        null,
        null,
        null
      ],
      "/Users/colechalland/Actualize/Apprenticeship/crm_api_testing/config/initializers/cookies_serializer.rb": [
        null,
        null,
        null,
        null,
        1
      ],
      "/Users/colechalland/Actualize/Apprenticeship/crm_api_testing/config/initializers/devise.rb": [
        null,
        null,
        1,
        null,
        null,
        null,
        null,
        null,
        null,
        null,
        null,
        null,
        null,
        null,
        1,
        null,
        null,
        null,
        null,
        null,
        null,
        null,
        null,
        null,
        null,
        null,
        1,
        null,
        null,
        null,
        null,
        null,
        null,
        null,
        null,
        null,
        null,
        null,
        null,
        null,
        null,
        null,
        null,
        null,
        null,
        null,
        null,
        null,
        1,
        null,
        null,
        null,
        null,
        1,
        null,
        null,
        null,
        null,
        null,
        null,
        null,
        null,
        null,
        null,
        null,
        null,
        null,
        null,
        null,
        null,
        null,
        null,
        null,
        null,
        null,
        null,
        null,
        null,
        null,
        null,
        null,
        null,
        null,
        null,
        1,
        null,
        null,
        null,
        null,
        null,
        null,
        null,
        null,
        null,
        null,
        null,
        null,
        null,
        null,
        null,
        null,
        null,
        null,
        null,
        null,
        null,
        null,
        1,
        null,
        null,
        null,
        null,
        null,
        null,
        null,
        null,
        null,
        null,
        null,
        null,
        null,
        null,
        null,
        null,
        null,
        null,
        null,
        null,
        null,
        null,
        null,
        null,
        null,
        null,
        null,
        1,
        null,
        null,
        null,
        null,
        null,
        null,
        null,
        null,
        null,
        1,
        null,
        null,
        null,
        null,
        null,
        null,
        null,
        null,
        null,
        null,
        1,
        null,
        null,
        null,
        null,
        1,
        null,
        null,
        null,
        null,
        null,
        null,
        null,
        null,
        null,
        null,
        null,
        null,
        null,
        null,
        null,
        null,
        null,
        null,
        null,
        null,
        null,
        null,
        null,
        null,
        null,
        null,
        null,
        null,
        null,
        null,
        null,
        null,
        null,
        null,
        null,
        null,
        null,
        null,
        null,
        null,
        1,
        null,
        null,
        null,
        null,
        null,
        null,
        null,
        null,
        null,
        null,
        null,
        null,
        null,
        null,
        null,
        null,
        null,
        null,
        null,
        null,
        null,
        null,
        null,
        null,
        null,
        null,
        null,
        null,
        null,
        null,
        null,
        null,
        null,
        null,
        null,
        null,
        null,
        null,
        null,
        null,
        null,
        1,
        null,
        null,
        null,
        null,
        null,
        null,
        null,
        null,
        null,
        null,
        null,
        null,
        null,
        null,
        null,
        null,
        null,
        null,
        null,
        null,
        null,
        null,
        null,
        null,
        null,
        null,
        null,
        null,
        null
      ],
      "/Users/colechalland/Actualize/Apprenticeship/crm_api_testing/config/initializers/filter_parameter_logging.rb": [
        null,
        null,
        null,
        1
      ],
      "/Users/colechalland/Actualize/Apprenticeship/crm_api_testing/config/initializers/inflections.rb": [
        null,
        null,
        null,
        null,
        null,
        null,
        null,
        null,
        null,
        null,
        null,
        null,
        null,
        null,
        null,
        null
      ],
      "/Users/colechalland/Actualize/Apprenticeship/crm_api_testing/config/initializers/mime_types.rb": [
        null,
        null,
        null,
        null
      ],
      "/Users/colechalland/Actualize/Apprenticeship/crm_api_testing/config/initializers/new_framework_defaults.rb": [
        null,
        null,
        null,
        null,
        null,
        null,
        null,
        1,
        null,
        null,
        1,
        null,
        null,
        null,
        1,
        null,
        null,
        1,
        null,
        null,
        1,
        null,
        null,
        1
      ],
      "/Users/colechalland/Actualize/Apprenticeship/crm_api_testing/config/initializers/session_store.rb": [
        null,
        null,
        1
      ],
      "/Users/colechalland/Actualize/Apprenticeship/crm_api_testing/config/initializers/twilio.rb": [
        1,
        1,
        1,
        null
      ],
      "/Users/colechalland/Actualize/Apprenticeship/crm_api_testing/config/initializers/wrap_parameters.rb": [
        null,
        null,
        null,
        null,
        null,
        null,
        1,
        2,
        null,
        null,
        null,
        null,
        null,
        null
      ],
      "/Users/colechalland/Actualize/Apprenticeship/crm_api_testing/spec/factories.rb": [
        1,
        null,
        1,
        1,
        1,
        1,
        null,
        null,
        1,
        1,
        1,
        null,
        null,
        1,
        1,
        1,
        null,
        null,
        1,
        1,
        1,
        null,
        null,
        1,
        1,
        1,
        null,
        null,
        null,
        null
      ],
      "/Users/colechalland/Actualize/Apprenticeship/crm_api_testing/config/routes.rb": [
        1,
        1,
        null,
        1,
        null,
        1,
        1,
        1,
        1,
        1,
        1,
        null,
        1,
        null,
        null,
        1,
        null,
        1,
        null,
        1,
        null,
        1,
        1,
        null,
        1,
        1,
        null,
        1,
        1,
        1,
        1,
        1,
        null,
        null,
        null,
        null
      ],
      "/Users/colechalland/Actualize/Apprenticeship/crm_api_testing/app/models/application_record.rb": [
        1,
        1,
        null
      ],
      "/Users/colechalland/Actualize/Apprenticeship/crm_api_testing/app/helpers/application_helper.rb": [
        1,
        null
      ],
      "/Users/colechalland/Actualize/Apprenticeship/crm_api_testing/app/helpers/daily_progress_logs_helper.rb": [
        1,
        null
      ],
      "/Users/colechalland/Actualize/Apprenticeship/crm_api_testing/app/helpers/outreaches_helper.rb": [
        1,
        null
      ],
      "/Users/colechalland/Actualize/Apprenticeship/crm_api_testing/app/helpers/settings_helper.rb": [
        1,
        null
      ],
      "/Users/colechalland/Actualize/Apprenticeship/crm_api_testing/app/helpers/webhooks_helper.rb": [
        1,
        null
      ],
      "/Users/colechalland/Actualize/Apprenticeship/crm_api_testing/spec/support/factory_bot.rb": [
        1,
        1,
        null
      ],
      "/Users/colechalland/Actualize/Apprenticeship/crm_api_testing/spec/models/event_spec.rb": [
        1,
        null,
        1,
        null,
        1,
        1,
        1,
        null,
        null,
        null
      ],
      "/Users/colechalland/Actualize/Apprenticeship/crm_api_testing/spec/models/outreach_spec.rb": [
        1,
        null,
        1,
        null,
        1,
        1,
        1,
        null,
        null,
        null
      ],
      "/Users/colechalland/Actualize/Apprenticeship/crm_api_testing/spec/models/setting_spec.rb": [
        1,
        null,
        1,
        null,
        1,
        1,
        1,
        null,
        null,
        null
      ],
      "/Users/colechalland/Actualize/Apprenticeship/crm_api_testing/spec/support/factories_spec.rb": [
        null,
        null,
        null,
        1,
        null,
        null,
        1,
        1,
        5,
        null,
        null,
        5,
        5,
        5,
        null,
        5,
        null,
        null,
        null,
        null,
        null,
        null
      ],
      "/Users/colechalland/Actualize/Apprenticeship/crm_api_testing/app/models/event.rb": [
        1,
        1,
        null
      ],
      "/Users/colechalland/Actualize/Apprenticeship/crm_api_testing/app/models/outreach.rb": [
        1,
        1,
        null,
        1,
        null
      ],
      "/Users/colechalland/Actualize/Apprenticeship/crm_api_testing/app/models/setting.rb": [
        1,
        1,
        null
      ]
    },
    "timestamp": 1522112424
  }
}
